<?xml version="1.0" encoding="UTF-8"?>
<testng-results ignored="0" total="1" passed="1" failed="0" skipped="0">
  <reporter-output>
  </reporter-output>
  <suite started-at="2023-04-24T21:13:12 CDT" name="Default suite" finished-at="2023-04-24T21:13:12 CDT" duration-ms="167">
    <groups>
    </groups>
    <test started-at="2023-04-24T21:13:12 CDT" name="Default test" finished-at="2023-04-24T21:13:12 CDT" duration-ms="167">
      <class name="test.com.testr1">
        <test-method signature="loginTest()[pri:1, instance:test.com.testr1@8462f31]" started-at="2023-04-24T21:13:12 CDT" name="loginTest" finished-at="2023-04-24T21:13:12 CDT" duration-ms="18" status="PASS">
          <reporter-output>
          </reporter-output>
        </test-method> <!-- loginTest -->
      </class> <!-- test.com.testr1 -->
    </test> <!-- Default test -->
  </suite> <!-- Default suite -->
</testng-results>
